<?xml version="1.0" encoding="UTF-8"?>
<testsuite name="com.olxbr.greenbook.GreenBookApplicationTests" tests="1" skipped="0" failures="0" errors="0" timestamp="2021-02-17T20:53:34" hostname="debora-Latitude-3490" time="0.194">
  <properties/>
  <testcase name="contextLoads()" classname="com.olxbr.greenbook.GreenBookApplicationTests" time="0.194"/>
  <system-out><![CDATA[17:53:33.385 [Test worker] DEBUG org.springframework.test.context.BootstrapUtils - Instantiating CacheAwareContextLoaderDelegate from class [org.springframework.test.context.cache.DefaultCacheAwareContextLoaderDelegate]
17:53:33.395 [Test worker] DEBUG org.springframework.test.context.BootstrapUtils - Instantiating BootstrapContext using constructor [public org.springframework.test.context.support.DefaultBootstrapContext(java.lang.Class,org.springframework.test.context.CacheAwareContextLoaderDelegate)]
17:53:33.427 [Test worker] DEBUG org.springframework.test.context.BootstrapUtils - Instantiating TestContextBootstrapper for test class [com.olxbr.greenbook.GreenBookApplicationTests] from class [org.springframework.boot.test.context.SpringBootTestContextBootstrapper]
17:53:33.436 [Test worker] INFO org.springframework.boot.test.context.SpringBootTestContextBootstrapper - Neither @ContextConfiguration nor @ContextHierarchy found for test class [com.olxbr.greenbook.GreenBookApplicationTests], using SpringBootContextLoader
17:53:33.440 [Test worker] DEBUG org.springframework.test.context.support.AbstractContextLoader - Did not detect default resource location for test class [com.olxbr.greenbook.GreenBookApplicationTests]: class path resource [com/olxbr/greenbook/GreenBookApplicationTests-context.xml] does not exist
17:53:33.440 [Test worker] DEBUG org.springframework.test.context.support.AbstractContextLoader - Did not detect default resource location for test class [com.olxbr.greenbook.GreenBookApplicationTests]: class path resource [com/olxbr/greenbook/GreenBookApplicationTestsContext.groovy] does not exist
17:53:33.440 [Test worker] INFO org.springframework.test.context.support.AbstractContextLoader - Could not detect default resource locations for test class [com.olxbr.greenbook.GreenBookApplicationTests]: no resource found for suffixes {-context.xml, Context.groovy}.
17:53:33.441 [Test worker] INFO org.springframework.test.context.support.AnnotationConfigContextLoaderUtils - Could not detect default configuration classes for test class [com.olxbr.greenbook.GreenBookApplicationTests]: GreenBookApplicationTests does not declare any static, non-private, non-final, nested classes annotated with @Configuration.
17:53:33.468 [Test worker] DEBUG org.springframework.test.context.support.ActiveProfilesUtils - Could not find an 'annotation declaring class' for annotation type [org.springframework.test.context.ActiveProfiles] and class [com.olxbr.greenbook.GreenBookApplicationTests]
17:53:33.504 [Test worker] DEBUG org.springframework.context.annotation.ClassPathScanningCandidateComponentProvider - Identified candidate component class: file [/home/debora/Projetos/Estudos/green-book/build/classes/java/main/com/olxbr/greenbook/GreenBookApplication.class]
17:53:33.505 [Test worker] INFO org.springframework.boot.test.context.SpringBootTestContextBootstrapper - Found @SpringBootConfiguration com.olxbr.greenbook.GreenBookApplication for test class com.olxbr.greenbook.GreenBookApplicationTests
17:53:33.569 [Test worker] DEBUG org.springframework.boot.test.context.SpringBootTestContextBootstrapper - @TestExecutionListeners is not present for class [com.olxbr.greenbook.GreenBookApplicationTests]: using defaults.
17:53:33.569 [Test worker] INFO org.springframework.boot.test.context.SpringBootTestContextBootstrapper - Loaded default TestExecutionListener class names from location [META-INF/spring.factories]: [org.springframework.boot.test.autoconfigure.restdocs.RestDocsTestExecutionListener, org.springframework.boot.test.autoconfigure.web.client.MockRestServiceServerResetTestExecutionListener, org.springframework.boot.test.autoconfigure.web.servlet.MockMvcPrintOnlyOnFailureTestExecutionListener, org.springframework.boot.test.autoconfigure.web.servlet.WebDriverTestExecutionListener, org.springframework.boot.test.autoconfigure.webservices.client.MockWebServiceServerTestExecutionListener, org.springframework.boot.test.mock.mockito.MockitoTestExecutionListener, org.springframework.boot.test.mock.mockito.ResetMocksTestExecutionListener, org.springframework.test.context.web.ServletTestExecutionListener, org.springframework.test.context.support.DirtiesContextBeforeModesTestExecutionListener, org.springframework.test.context.event.ApplicationEventsTestExecutionListener, org.springframework.test.context.support.DependencyInjectionTestExecutionListener, org.springframework.test.context.support.DirtiesContextTestExecutionListener, org.springframework.test.context.transaction.TransactionalTestExecutionListener, org.springframework.test.context.jdbc.SqlScriptsTestExecutionListener, org.springframework.test.context.event.EventPublishingTestExecutionListener]
17:53:33.577 [Test worker] DEBUG org.springframework.boot.test.context.SpringBootTestContextBootstrapper - Skipping candidate TestExecutionListener [org.springframework.test.context.transaction.TransactionalTestExecutionListener] due to a missing dependency. Specify custom listener classes or make the default listener classes and their required dependencies available. Offending class: [org/springframework/transaction/TransactionDefinition]
17:53:33.577 [Test worker] DEBUG org.springframework.boot.test.context.SpringBootTestContextBootstrapper - Skipping candidate TestExecutionListener [org.springframework.test.context.jdbc.SqlScriptsTestExecutionListener] due to a missing dependency. Specify custom listener classes or make the default listener classes and their required dependencies available. Offending class: [org/springframework/transaction/interceptor/TransactionAttribute]
17:53:33.577 [Test worker] INFO org.springframework.boot.test.context.SpringBootTestContextBootstrapper - Using TestExecutionListeners: [org.springframework.test.context.web.ServletTestExecutionListener@7464682d, org.springframework.test.context.support.DirtiesContextBeforeModesTestExecutionListener@3bd842df, org.springframework.test.context.event.ApplicationEventsTestExecutionListener@1a932751, org.springframework.boot.test.mock.mockito.MockitoTestExecutionListener@4cb4ff26, org.springframework.boot.test.autoconfigure.SpringBootDependencyInjectionTestExecutionListener@1b46c39d, org.springframework.test.context.support.DirtiesContextTestExecutionListener@6271b490, org.springframework.test.context.event.EventPublishingTestExecutionListener@61dbae20, org.springframework.boot.test.autoconfigure.restdocs.RestDocsTestExecutionListener@afd30f2, org.springframework.boot.test.autoconfigure.web.client.MockRestServiceServerResetTestExecutionListener@278a501b, org.springframework.boot.test.autoconfigure.web.servlet.MockMvcPrintOnlyOnFailureTestExecutionListener@4830a54e, org.springframework.boot.test.autoconfigure.web.servlet.WebDriverTestExecutionListener@74a6b8c6, org.springframework.boot.test.autoconfigure.webservices.client.MockWebServiceServerTestExecutionListener@17bf7c00, org.springframework.boot.test.mock.mockito.ResetMocksTestExecutionListener@6240ec64]
17:53:33.580 [Test worker] DEBUG org.springframework.test.context.support.AbstractDirtiesContextTestExecutionListener - Before test class: context [DefaultTestContext@22bfc1cc testClass = GreenBookApplicationTests, testInstance = [null], testMethod = [null], testException = [null], mergedContextConfiguration = [WebMergedContextConfiguration@7147df00 testClass = GreenBookApplicationTests, locations = '{}', classes = '{class com.olxbr.greenbook.GreenBookApplication}', contextInitializerClasses = '[]', activeProfiles = '{}', propertySourceLocations = '{}', propertySourceProperties = '{org.springframework.boot.test.context.SpringBootTestContextBootstrapper=true}', contextCustomizers = set[org.springframework.boot.test.autoconfigure.actuate.metrics.MetricsExportContextCustomizerFactory$DisableMetricExportContextCustomizer@1e6810b1, org.springframework.boot.test.autoconfigure.properties.PropertyMappingContextCustomizer@0, org.springframework.boot.test.autoconfigure.web.servlet.WebDriverContextCustomizerFactory$Customizer@5dc4949b, org.springframework.boot.test.context.filter.ExcludeFilterContextCustomizer@579a8db5, org.springframework.boot.test.json.DuplicateJsonObjectContextCustomizerFactory$DuplicateJsonObjectContextCustomizer@bad52f3, org.springframework.boot.test.mock.mockito.MockitoContextCustomizer@0, org.springframework.boot.test.web.client.TestRestTemplateContextCustomizer@2fdde60e, org.springframework.boot.test.context.SpringBootTestArgs@1, org.springframework.boot.test.context.SpringBootTestWebEnvironment@59f6e1d], resourceBasePath = 'src/main/webapp', contextLoader = 'org.springframework.boot.test.context.SpringBootContextLoader', parent = [null]], attributes = map['org.springframework.test.context.web.ServletTestExecutionListener.activateListener' -> true]], class annotated with @DirtiesContext [false] with mode [null].
17:53:33.600 [Test worker] DEBUG org.springframework.test.context.support.TestPropertySourceUtils - Adding inlined properties to environment: {spring.jmx.enabled=false, org.springframework.boot.test.context.SpringBootTestContextBootstrapper=true}

  .   ____          _            __ _ _
 /\\ / ___'_ __ _ _(_)_ __  __ _ \ \ \ \
( ( )\___ | '_ | '_| | '_ \/ _` | \ \ \ \
 \\/  ___)| |_)| | | | | || (_| |  ) ) ) )
  '  |____| .__|_| |_|_| |_\__, | / / / /
 =========|_|==============|___/=/_/_/_/
 :: Spring Boot ::                (v2.4.2)

2021-02-17 17:53:33.789  INFO 12667 --- [    Test worker] c.o.greenbook.GreenBookApplicationTests  : Starting GreenBookApplicationTests using Java 11.0.10 on debora-Latitude-3490 with PID 12667 (started by debora in /home/debora/Projetos/Estudos/green-book)
2021-02-17 17:53:33.792  INFO 12667 --- [    Test worker] c.o.greenbook.GreenBookApplicationTests  : No active profile set, falling back to default profiles: default
2021-02-17 17:53:34.720  INFO 12667 --- [    Test worker] o.s.s.concurrent.ThreadPoolTaskExecutor  : Initializing ExecutorService 'applicationTaskExecutor'
2021-02-17 17:53:34.906  INFO 12667 --- [    Test worker] c.o.greenbook.GreenBookApplicationTests  : Started GreenBookApplicationTests in 1.301 seconds (JVM running for 2.116)
]]></system-out>
  <system-err><![CDATA[]]></system-err>
</testsuite>
